<?xml version="1.0" encoding="UTF-8"?>
<!-- Generated by org.testng.reporters.JUnitXMLReporter -->
<testsuite hostname="My-PC" ignored="3" tests="0" failures="0" timestamp="2020-02-17T14:48:23 EST" time="0.011" errors="0">
  <testcase name="Div3" time="0.0" classname="TestNGPractise.sample3">
    <ignored/>
  </testcase> <!-- Div3 -->
  <testcase name="sum3" time="0.0" classname="TestNGPractise.sample3">
    <ignored/>
  </testcase> <!-- sum3 -->
  <testcase name="Mul3" time="0.0" classname="TestNGPractise.sample3">
    <ignored/>
  </testcase> <!-- Mul3 -->
</testsuite>
