<?xml version="1.0" encoding="UTF-8"?>
<!-- Generated by org.testng.reporters.JUnitXMLReporter -->
<testsuite hostname="My-PC" ignored="0" name="parallelTest" tests="3" failures="0" timestamp="2020-02-17T14:56:05 EST" time="0.057" errors="0">
  <testcase name="Div3" time="0.012" classname="TestNGPractise.sample3"/>
  <testcase name="Mul3" time="0.012" classname="TestNGPractise.sample3"/>
  <testcase name="sum3" time="0.012" classname="TestNGPractise.sample3"/>
</testsuite> <!-- parallelTest -->
