<?xml version="1.0" encoding="UTF-8"?>
<!-- Generated by org.testng.reporters.JUnitXMLReporter -->
<testsuite hostname="My-PC" ignored="0" name="suite1" tests="6" failures="0" timestamp="2020-02-17T15:08:48 EST" time="0.074" errors="0">
  <testcase name="sum" time="0.015" classname="TestNGPractise.sample1"/>
  <testcase name="Div" time="0.015" classname="TestNGPractise.sample1"/>
  <testcase name="Mul" time="0.014" classname="TestNGPractise.sample1"/>
  <testcase name="sum3" time="0.003" classname="TestNGPractise.sample3"/>
  <testcase name="Mul3" time="0.004" classname="TestNGPractise.sample3"/>
  <testcase name="Div3" time="0.011" classname="TestNGPractise.sample3"/>
</testsuite> <!-- suite1 -->
